<?xml version="1.0" encoding="UTF-8"?>
<testsuite xmlns:xsi="http://www.w3.org/2001/XMLSchema-instance" xsi:noNamespaceSchemaLocation="https://maven.apache.org/surefire/maven-surefire-plugin/xsd/surefire-test-report.xsd" version="3.0.2" name="com.example.reportgeneratormk1.ReportGeneratorMk1ApplicationTests" time="3.096" tests="1" errors="0" skipped="0" failures="0">
  <properties>
[...]
</properties>
  <testcase name="contextLoads" classname="com.example.reportgeneratormk1.ReportGeneratorMk1ApplicationTests" time="0.706">
    <system-out><![CDATA[14:48:42.171 [main] INFO org.springframework.test.context.support.AnnotationConfigContextLoaderUtils -- Could not detect default configuration classes for test class [com.example.reportgeneratormk1.ReportGeneratorMk1ApplicationTests]: ReportGeneratorMk1ApplicationTests does not declare any static, non-private, non-final, nested classes annotated with @Configuration.
14:48:42.310 [main] INFO org.springframework.boot.test.context.SpringBootTestContextBootstrapper -- Found @SpringBootConfiguration com.example.reportgeneratormk1.ReportGeneratorMk1Application for test class com.example.reportgeneratormk1.ReportGeneratorMk1ApplicationTests
14:48:42.546 [main] INFO org.springframework.boot.devtools.restart.RestartApplicationListener -- Restart disabled due to context in which it is running

  .   ____          _            __ _ _
 /\\ / ___'_ __ _ _(_)_ __  __ _ \ \ \ \
( ( )\___ | '_ | '_| | '_ \/ _` | \ \ \ \
 \\/  ___)| |_)| | | | | || (_| |  ) ) ) )
  '  |____| .__|_| |_|_| |_\__, | / / / /
 =========|_|==============|___/=/_/_/_/

 :: Spring Boot ::                (v3.5.3)

2025-07-20T14:48:42.895+05:30  INFO 27596 --- [ReportGeneratorMK1] [           main] c.e.r.ReportGeneratorMk1ApplicationTests : Starting ReportGeneratorMk1ApplicationTests using Java 21.0.1 with PID 27596 (started by Shaunak in C:\Coding\it's a me projects\ReportGeneratorMK1)
2025-07-20T14:48:42.898+05:30  INFO 27596 --- [ReportGeneratorMK1] [           main] c.e.r.ReportGeneratorMk1ApplicationTests : No active profile set, falling back to 1 default profile: "default"
2025-07-20T14:48:43.642+05:30  INFO 27596 --- [ReportGeneratorMK1] [           main] f.a.AutowiredAnnotationBeanPostProcessor : Autowired annotation is not supported on static fields: static java.lang.String com.example.reportgeneratormk1.ReportGeneratorMk1Application.API_KEY
cloudinary initialized dvwudei56
2025-07-20T14:48:44.370+05:30  INFO 27596 --- [ReportGeneratorMK1] [           main] c.e.r.ReportGeneratorMk1ApplicationTests : Started ReportGeneratorMk1ApplicationTests in 1.851 seconds (process running for 3.019)
]]></system-out>
    <system-err><![CDATA[Mockito is currently self-attaching to enable the inline-mock-maker. This will no longer work in future releases of the JDK. Please add Mockito as an agent to your build as described in Mockito's documentation: https://javadoc.io/doc/org.mockito/mockito-core/latest/org.mockito/org/mockito/Mockito.html#0.3
WARNING: A Java agent has been loaded dynamically (C:\Users\Shaunak\.m2\repository\net\bytebuddy\byte-buddy-agent\1.17.6\byte-buddy-agent-1.17.6.jar)
WARNING: If a serviceability tool is in use, please run with -XX:+EnableDynamicAgentLoading to hide this warning
WARNING: If a serviceability tool is not in use, please run with -Djdk.instrument.traceUsage for more information
WARNING: Dynamic loading of agents will be disallowed by default in a future release
]]></system-err>
  </testcase>
</testsuite>